<?xml version="1.0" encoding="UTF-8"?>
<!-- Generated by org.testng.reporters.JUnitReportReporter -->
<testsuite hostname="lenovo-PC" failures="0" tests="1" name="test.ViewProductdDetailsTest" time="16.668" errors="0" timestamp="2024-06-28T13:28:19 IST" skipped="0">
  <testcase classname="test.ViewProductdDetailsTest" name="verifyIfUserIsViewProductDetailsbydirectclick" time="16.668"/>
  <system-out/>
</testsuite> <!-- test.ViewProductdDetailsTest -->
