<?xml version="1.0" encoding="UTF-8"?>
<!-- Generated by org.testng.reporters.JUnitReportReporter -->
<testsuite hostname="lenovo-PC" failures="0" tests="1" name="test.CartTest" time="44.579" errors="0" timestamp="2024-06-28T13:13:06 IST" skipped="0">
  <testcase classname="test.CartTest" name="verifyAmountsInCart" time="44.579"/>
  <system-out/>
</testsuite> <!-- test.CartTest -->
