<?xml version="1.0" encoding="UTF-8"?>
<!-- Generated by org.testng.reporters.JUnitReportReporter -->
<testsuite hostname="lenovo-PC" failures="0" tests="4" name="test.ProductSearchTest" time="44.935" errors="0" timestamp="2024-06-28T14:39:30 IST" skipped="0">
  <testcase classname="test.ProductSearchTest" name="verifyIfUserIsAbleRoSerachProduct" time="9.009"/>
  <system-out/>
  <testcase classname="test.ProductSearchTest" name="verifyIfUserisabletoaccessshoppingcategories" time="11.161"/>
  <system-out/>
  <testcase classname="test.ProductSearchTest" name="verifyIfUserIsAbleToTrackorder" time="16.184"/>
  <system-out/>
  <testcase classname="test.ProductSearchTest" name="verifyIfUserIsAbletologin" time="8.581"/>
  <system-out/>
</testsuite> <!-- test.ProductSearchTest -->
