<?xml version="1.0" encoding="UTF-8"?>
<!-- Generated by org.testng.reporters.JUnitReportReporter -->
<testsuite hostname="lenovo-PC" failures="0" tests="1" name="test.ViewProductdDetailsTest" time="28.491" errors="0" timestamp="2024-06-25T17:58:25 IST" skipped="0">
  <testcase classname="test.ViewProductdDetailsTest" name="verifyIfUserIsViewProductDetailsbydirectclick" time="28.491"/>
  <system-out/>
</testsuite> <!-- test.ViewProductdDetailsTest -->
