<?xml version="1.0" encoding="UTF-8"?>
<!-- Generated by org.testng.reporters.JUnitReportReporter -->
<testsuite hostname="lenovo-PC" failures="0" tests="1" name="test.CartTest" time="30.169" errors="0" timestamp="2024-06-25T19:32:21 IST" skipped="0">
  <testcase classname="test.CartTest" name="VerifyByRemovingproductsfromCart" time="30.169"/>
  <system-out/>
</testsuite> <!-- test.CartTest -->
